c:\users\diogo marques\desktop\isec\2º_ano\so2\tp\so2\dll\debug\dll.pch
c:\users\diogo marques\desktop\isec\2º_ano\so2\tp\so2\dll\debug\vc141.pdb
c:\users\diogo marques\desktop\isec\2º_ano\so2\tp\so2\dll\debug\vc141.idb
c:\users\diogo marques\desktop\isec\2º_ano\so2\tp\so2\dll\debug\stdafx.obj
c:\users\diogo marques\desktop\isec\2º_ano\so2\tp\so2\dll\debug\dllmain.obj
c:\users\diogo marques\desktop\isec\2º_ano\so2\tp\so2\dll\debug\dll.obj
c:\users\diogo marques\desktop\isec\2º_ano\so2\tp\so2\servidor\debug\dll.lib
c:\users\diogo marques\desktop\isec\2º_ano\so2\tp\so2\servidor\debug\dll.exp
c:\users\diogo marques\desktop\isec\2º_ano\so2\tp\so2\servidor\debug\dll.dll
c:\users\diogo marques\desktop\isec\2º_ano\so2\tp\so2\servidor\debug\dll.ilk
c:\users\diogo marques\desktop\isec\2º_ano\so2\tp\so2\servidor\debug\dll.pdb
c:\users\diogo marques\desktop\isec\2º_ano\so2\tp\so2\dll\debug\dll.tlog\cl.command.1.tlog
c:\users\diogo marques\desktop\isec\2º_ano\so2\tp\so2\dll\debug\dll.tlog\cl.read.1.tlog
c:\users\diogo marques\desktop\isec\2º_ano\so2\tp\so2\dll\debug\dll.tlog\cl.write.1.tlog
c:\users\diogo marques\desktop\isec\2º_ano\so2\tp\so2\dll\debug\dll.tlog\dll.write.1u.tlog
c:\users\diogo marques\desktop\isec\2º_ano\so2\tp\so2\dll\debug\dll.tlog\link.10068.delete.1.tlog
c:\users\diogo marques\desktop\isec\2º_ano\so2\tp\so2\dll\debug\dll.tlog\link.10312.delete.1.tlog
c:\users\diogo marques\desktop\isec\2º_ano\so2\tp\so2\dll\debug\dll.tlog\link.10540.delete.1.tlog
c:\users\diogo marques\desktop\isec\2º_ano\so2\tp\so2\dll\debug\dll.tlog\link.10776.delete.1.tlog
c:\users\diogo marques\desktop\isec\2º_ano\so2\tp\so2\dll\debug\dll.tlog\link.12060.delete.1.tlog
c:\users\diogo marques\desktop\isec\2º_ano\so2\tp\so2\dll\debug\dll.tlog\link.1244.delete.1.tlog
c:\users\diogo marques\desktop\isec\2º_ano\so2\tp\so2\dll\debug\dll.tlog\link.12512.delete.1.tlog
c:\users\diogo marques\desktop\isec\2º_ano\so2\tp\so2\dll\debug\dll.tlog\link.12776.delete.1.tlog
c:\users\diogo marques\desktop\isec\2º_ano\so2\tp\so2\dll\debug\dll.tlog\link.15300.delete.1.tlog
c:\users\diogo marques\desktop\isec\2º_ano\so2\tp\so2\dll\debug\dll.tlog\link.15808.delete.1.tlog
c:\users\diogo marques\desktop\isec\2º_ano\so2\tp\so2\dll\debug\dll.tlog\link.4160.delete.1.tlog
c:\users\diogo marques\desktop\isec\2º_ano\so2\tp\so2\dll\debug\dll.tlog\link.5676.delete.1.tlog
c:\users\diogo marques\desktop\isec\2º_ano\so2\tp\so2\dll\debug\dll.tlog\link.6604.delete.1.tlog
c:\users\diogo marques\desktop\isec\2º_ano\so2\tp\so2\dll\debug\dll.tlog\link.9388.delete.1.tlog
c:\users\diogo marques\desktop\isec\2º_ano\so2\tp\so2\dll\debug\dll.tlog\link.9688.delete.1.tlog
c:\users\diogo marques\desktop\isec\2º_ano\so2\tp\so2\dll\debug\dll.tlog\link.command.1.tlog
c:\users\diogo marques\desktop\isec\2º_ano\so2\tp\so2\dll\debug\dll.tlog\link.delete.1.tlog
c:\users\diogo marques\desktop\isec\2º_ano\so2\tp\so2\dll\debug\dll.tlog\link.read.1.tlog
c:\users\diogo marques\desktop\isec\2º_ano\so2\tp\so2\dll\debug\dll.tlog\link.write.1.tlog
