  server.c
c:\users\diogo marques\desktop\isec\so2\tp\so2\gui\arknoid\server\server.c(89): warning C4028: formal parameter 3 different from declaration
c:\users\diogo marques\desktop\isec\so2\tp\so2\gui\arknoid\server\server.c(141): warning C4047: '==': 'int' differs in levels of indirection from 'void *'
c:\users\diogo marques\desktop\isec\so2\tp\so2\gui\arknoid\server\server.c(153): warning C4047: 'function': 'BOOL' differs in levels of indirection from 'void *'
c:\users\diogo marques\desktop\isec\so2\tp\so2\gui\arknoid\server\server.c(153): warning C4024: 'CreateEventW': different types for formal and actual parameter 3
c:\users\diogo marques\desktop\isec\so2\tp\so2\gui\arknoid\server\server.c(954): warning C4018: '<=': signed/unsigned mismatch
c:\users\diogo marques\desktop\isec\so2\tp\so2\gui\arknoid\server\server.c(954): warning C4018: '>=': signed/unsigned mismatch
c:\users\diogo marques\desktop\isec\so2\tp\so2\gui\arknoid\server\server.c(963): warning C4018: '<=': signed/unsigned mismatch
c:\users\diogo marques\desktop\isec\so2\tp\so2\gui\arknoid\server\server.c(963): warning C4018: '>=': signed/unsigned mismatch
c:\users\diogo marques\desktop\isec\so2\tp\so2\gui\arknoid\server\server.c(973): warning C4018: '>=': signed/unsigned mismatch
c:\users\diogo marques\desktop\isec\so2\tp\so2\gui\arknoid\server\server.c(973): warning C4018: '<=': signed/unsigned mismatch
c:\users\diogo marques\desktop\isec\so2\tp\so2\gui\arknoid\server\server.c(987): warning C4018: '>=': signed/unsigned mismatch
c:\users\diogo marques\desktop\isec\so2\tp\so2\gui\arknoid\server\server.c(988): warning C4018: '<=': signed/unsigned mismatch
c:\users\diogo marques\desktop\isec\so2\tp\so2\gui\arknoid\server\server.c(1008): warning C4018: '<': signed/unsigned mismatch
c:\users\diogo marques\desktop\isec\so2\tp\so2\gui\arknoid\server\server.c(1037): warning C4018: '<': signed/unsigned mismatch
c:\users\diogo marques\desktop\isec\so2\tp\so2\gui\arknoid\server\server.c(1040): warning C4018: '>=': signed/unsigned mismatch
c:\users\diogo marques\desktop\isec\so2\tp\so2\gui\arknoid\server\server.c(1040): warning C4018: '<=': signed/unsigned mismatch
c:\users\diogo marques\desktop\isec\so2\tp\so2\gui\arknoid\server\server.c(1069): warning C4033: 'BolaThread' must return a value
c:\users\diogo marques\desktop\isec\so2\tp\so2\gui\arknoid\server\server.c(1466): warning C4244: '=': conversion from 'int' to 'float', possible loss of data
c:\users\diogo marques\desktop\isec\so2\tp\so2\gui\arknoid\server\server.c(1737): warning C4033: 'movingBricks' must return a value
c:\users\diogo marques\desktop\isec\so2\tp\so2\gui\arknoid\server\server.c(1122): warning C4715: 'BolaThread': not all control paths return a value
c:\users\diogo marques\desktop\isec\so2\tp\so2\gui\arknoid\server\server.c(1787): warning C4715: 'movingBricks': not all control paths return a value
  Server.vcxproj -> C:\Users\Diogo Marques\Desktop\isec\SO2\TP\SO2\GUI\Arknoid\Debug\Server.exe
