c:\users\diogo marques\desktop\isec\so2\tp\so2\gui\arknoid\server\debug\vc141.pdb
c:\users\diogo marques\desktop\isec\so2\tp\so2\gui\arknoid\server\debug\vc141.idb
c:\users\diogo marques\desktop\isec\so2\tp\so2\gui\arknoid\server\debug\server.obj
c:\users\diogo marques\desktop\isec\so2\tp\so2\gui\arknoid\debug\server.exe
c:\users\diogo marques\desktop\isec\so2\tp\so2\gui\arknoid\debug\server.ilk
c:\users\diogo marques\desktop\isec\so2\tp\so2\gui\arknoid\debug\server.pdb
c:\users\diogo marques\desktop\isec\so2\tp\so2\gui\arknoid\server\debug\server.res
c:\users\diogo marques\desktop\isec\2º_ano\so2\tp\so2\gui\arknoid\server\debug\server.obj
c:\users\diogo marques\desktop\isec\2º_ano\so2\tp\so2\gui\arknoid\server\debug\server.res
c:\users\diogo marques\desktop\isec\2º_ano\so2\tp\so2\gui\arknoid\server\debug\vc141.idb
c:\users\diogo marques\desktop\isec\2º_ano\so2\tp\so2\gui\arknoid\server\debug\vc141.pdb
c:\users\diogo marques\desktop\isec\2º_ano\so2\tp\so2\gui\arknoid\debug\server.pdb
c:\users\diogo marques\desktop\isec\2º_ano\so2\tp\so2\gui\arknoid\debug\server.exe
c:\users\diogo marques\desktop\isec\2º_ano\so2\tp\so2\gui\arknoid\debug\server.ilk
c:\users\diogo marques\desktop\isec\2º_ano\so2\tp\so2\gui\arknoid\server\debug\server.tlog\cl.command.1.tlog
c:\users\diogo marques\desktop\isec\2º_ano\so2\tp\so2\gui\arknoid\server\debug\server.tlog\cl.read.1.tlog
c:\users\diogo marques\desktop\isec\2º_ano\so2\tp\so2\gui\arknoid\server\debug\server.tlog\cl.write.1.tlog
c:\users\diogo marques\desktop\isec\2º_ano\so2\tp\so2\gui\arknoid\server\debug\server.tlog\link.command.1.tlog
c:\users\diogo marques\desktop\isec\2º_ano\so2\tp\so2\gui\arknoid\server\debug\server.tlog\link.read.1.tlog
c:\users\diogo marques\desktop\isec\2º_ano\so2\tp\so2\gui\arknoid\server\debug\server.tlog\link.write.1.tlog
c:\users\diogo marques\desktop\isec\2º_ano\so2\tp\so2\gui\arknoid\server\debug\server.tlog\rc.command.1.tlog
c:\users\diogo marques\desktop\isec\2º_ano\so2\tp\so2\gui\arknoid\server\debug\server.tlog\rc.read.1.tlog
c:\users\diogo marques\desktop\isec\2º_ano\so2\tp\so2\gui\arknoid\server\debug\server.tlog\rc.write.1.tlog
