c:\users\diogo marques\desktop\isec\2º_ano\so2\tp\so2\console\dll\debug\dll.pch
c:\users\diogo marques\desktop\isec\2º_ano\so2\tp\so2\console\dll\debug\vc141.pdb
c:\users\diogo marques\desktop\isec\2º_ano\so2\tp\so2\console\dll\debug\vc141.idb
c:\users\diogo marques\desktop\isec\2º_ano\so2\tp\so2\console\dll\debug\stdafx.obj
c:\users\diogo marques\desktop\isec\2º_ano\so2\tp\so2\console\dll\debug\dllmain.obj
c:\users\diogo marques\desktop\isec\2º_ano\so2\tp\so2\console\dll\debug\dll.obj
c:\users\diogo marques\desktop\isec\2º_ano\so2\tp\so2\console\servidor\debug\dll.lib
c:\users\diogo marques\desktop\isec\2º_ano\so2\tp\so2\console\servidor\debug\dll.exp
c:\users\diogo marques\desktop\isec\2º_ano\so2\tp\so2\console\servidor\debug\dll.dll
c:\users\diogo marques\desktop\isec\2º_ano\so2\tp\so2\console\servidor\debug\dll.ilk
c:\users\diogo marques\desktop\isec\2º_ano\so2\tp\so2\console\servidor\debug\dll.pdb
c:\users\diogo marques\desktop\isec\2º_ano\so2\tp\so2\console\dll\debug\dll.tlog\cl.command.1.tlog
c:\users\diogo marques\desktop\isec\2º_ano\so2\tp\so2\console\dll\debug\dll.tlog\cl.read.1.tlog
c:\users\diogo marques\desktop\isec\2º_ano\so2\tp\so2\console\dll\debug\dll.tlog\cl.write.1.tlog
c:\users\diogo marques\desktop\isec\2º_ano\so2\tp\so2\console\dll\debug\dll.tlog\dll.write.1u.tlog
c:\users\diogo marques\desktop\isec\2º_ano\so2\tp\so2\console\dll\debug\dll.tlog\link.12752.delete.1.tlog
c:\users\diogo marques\desktop\isec\2º_ano\so2\tp\so2\console\dll\debug\dll.tlog\link.6704.delete.1.tlog
c:\users\diogo marques\desktop\isec\2º_ano\so2\tp\so2\console\dll\debug\dll.tlog\link.9200.delete.1.tlog
c:\users\diogo marques\desktop\isec\2º_ano\so2\tp\so2\console\dll\debug\dll.tlog\link.command.1.tlog
c:\users\diogo marques\desktop\isec\2º_ano\so2\tp\so2\console\dll\debug\dll.tlog\link.delete.1.tlog
c:\users\diogo marques\desktop\isec\2º_ano\so2\tp\so2\console\dll\debug\dll.tlog\link.read.1.tlog
c:\users\diogo marques\desktop\isec\2º_ano\so2\tp\so2\console\dll\debug\dll.tlog\link.write.1.tlog
