  cliente.c
c:\users\diogo marques\desktop\isec\2º_ano\so2\tp\so2\console\cliente\cliente\cliente.c(67): warning C4013: '_putch' undefined; assuming extern returning int
c:\users\diogo marques\desktop\isec\2º_ano\so2\tp\so2\console\cliente\cliente\cliente.c(104): warning C4553: '==': result of expression not used; did you intend '='?
c:\users\diogo marques\desktop\isec\2º_ano\so2\tp\so2\console\cliente\cliente\cliente.c(60): warning C4101: 'newMsg': unreferenced local variable
c:\users\diogo marques\desktop\isec\2º_ano\so2\tp\so2\console\cliente\cliente\cliente.c(57): warning C4101: 'userLogged': unreferenced local variable
c:\users\diogo marques\desktop\isec\2º_ano\so2\tp\so2\console\cliente\cliente\cliente.c(61): warning C4101: 'threadId': unreferenced local variable
c:\users\diogo marques\desktop\isec\2º_ano\so2\tp\so2\console\cliente\cliente\cliente.c(151): warning C4033: 'localConnection' must return a value
c:\users\diogo marques\desktop\isec\2º_ano\so2\tp\so2\console\cliente\cliente\cliente.c(171): warning C4101: 'tmp': unreferenced local variable
c:\users\diogo marques\desktop\isec\2º_ano\so2\tp\so2\console\cliente\cliente\cliente.c(170): warning C4101: 'str': unreferenced local variable
c:\users\diogo marques\desktop\isec\2º_ano\so2\tp\so2\console\cliente\cliente\cliente.c(258): warning C4098: 'createBalls': 'void' function returning a value
c:\users\diogo marques\desktop\isec\2º_ano\so2\tp\so2\console\cliente\cliente\cliente.c(283): warning C4098: 'createBonus': 'void' function returning a value
c:\users\diogo marques\desktop\isec\2º_ano\so2\tp\so2\console\cliente\cliente\cliente.c(296): warning C4101: 'userInfo': unreferenced local variable
c:\users\diogo marques\desktop\isec\2º_ano\so2\tp\so2\console\cliente\cliente\cliente.c(379): warning C4553: '==': result of expression not used; did you intend '='?
c:\users\diogo marques\desktop\isec\2º_ano\so2\tp\so2\console\cliente\cliente\cliente.c(549): warning C4129: ' ': unrecognized character escape sequence
c:\users\diogo marques\desktop\isec\2º_ano\so2\tp\so2\console\cliente\cliente\cliente.c(569): warning C4098: 'watchGame': 'void' function returning a value
c:\users\diogo marques\desktop\isec\2º_ano\so2\tp\so2\console\cliente\cliente\cliente.c(575): warning C4098: 'watchGame': 'void' function returning a value
c:\users\diogo marques\desktop\isec\2º_ano\so2\tp\so2\console\cliente\cliente\cliente.c(637): warning C4033: 'bonusDrop' must return a value
c:\users\diogo marques\desktop\isec\2º_ano\so2\tp\so2\console\cliente\cliente\cliente.c(656): warning C4098: 'sendMessage': 'void' function returning a value
c:\users\diogo marques\desktop\isec\2º_ano\so2\tp\so2\console\cliente\cliente\cliente.c(760): warning C4033: 'pipeConnection' must return a value
c:\users\diogo marques\desktop\isec\2º_ano\so2\tp\so2\console\cliente\cliente\cliente.c(837): warning C4098: 'LoginUser': 'void' function returning a value
c:\users\diogo marques\desktop\isec\2º_ano\so2\tp\so2\console\cliente\cliente\cliente.c(245): warning C4715: 'resolveMessage': not all control paths return a value
c:\users\diogo marques\desktop\isec\2º_ano\so2\tp\so2\console\cliente\cliente\cliente.c(517): warning C4716: 'BrickThread': must return a value
c:\users\diogo marques\desktop\isec\2º_ano\so2\tp\so2\console\cliente\cliente\cliente.c(638): warning C4716: 'bonusDrop': must return a value
c:\users\diogo marques\desktop\isec\2º_ano\so2\tp\so2\console\cliente\cliente\cliente.c(789): warning C4716: 'pipeConnection': must return a value
  cliente.vcxproj -> C:\Users\Diogo Marques\Desktop\isec\2º_ano\SO2\TP\SO2\console\servidor\Debug\cliente.exe
