c:\users\diogo marques\desktop\isec\so2\tp\so2\gui\arknoid\client\debug\vc141.pdb
c:\users\diogo marques\desktop\isec\so2\tp\so2\gui\arknoid\client\debug\vc141.idb
c:\users\diogo marques\desktop\isec\so2\tp\so2\gui\arknoid\client\debug\client.obj
c:\users\diogo marques\desktop\isec\so2\tp\so2\gui\arknoid\debug\client.exe
c:\users\diogo marques\desktop\isec\so2\tp\so2\gui\arknoid\debug\client.ilk
c:\users\diogo marques\desktop\isec\so2\tp\so2\gui\arknoid\debug\client.pdb
c:\users\diogo marques\desktop\isec\so2\tp\so2\gui\arknoid\client\debug\client.res
c:\users\diogo marques\desktop\isec\2º_ano\so2\tp\so2\gui\arknoid\client\debug\client.obj
c:\users\diogo marques\desktop\isec\2º_ano\so2\tp\so2\gui\arknoid\client\debug\client.res
c:\users\diogo marques\desktop\isec\2º_ano\so2\tp\so2\gui\arknoid\client\debug\vc141.idb
c:\users\diogo marques\desktop\isec\2º_ano\so2\tp\so2\gui\arknoid\client\debug\vc141.pdb
c:\users\diogo marques\desktop\isec\2º_ano\so2\tp\so2\gui\arknoid\debug\client.pdb
c:\users\diogo marques\desktop\isec\2º_ano\so2\tp\so2\gui\arknoid\debug\client.exe
c:\users\diogo marques\desktop\isec\2º_ano\so2\tp\so2\gui\arknoid\debug\client.ilk
c:\users\diogo marques\desktop\isec\2º_ano\so2\tp\so2\gui\arknoid\client\debug\client.tlog\cl.command.1.tlog
c:\users\diogo marques\desktop\isec\2º_ano\so2\tp\so2\gui\arknoid\client\debug\client.tlog\cl.read.1.tlog
c:\users\diogo marques\desktop\isec\2º_ano\so2\tp\so2\gui\arknoid\client\debug\client.tlog\cl.write.1.tlog
c:\users\diogo marques\desktop\isec\2º_ano\so2\tp\so2\gui\arknoid\client\debug\client.tlog\link.command.1.tlog
c:\users\diogo marques\desktop\isec\2º_ano\so2\tp\so2\gui\arknoid\client\debug\client.tlog\link.read.1.tlog
c:\users\diogo marques\desktop\isec\2º_ano\so2\tp\so2\gui\arknoid\client\debug\client.tlog\link.write.1.tlog
c:\users\diogo marques\desktop\isec\2º_ano\so2\tp\so2\gui\arknoid\client\debug\client.tlog\rc.command.1.tlog
c:\users\diogo marques\desktop\isec\2º_ano\so2\tp\so2\gui\arknoid\client\debug\client.tlog\rc.read.1.tlog
c:\users\diogo marques\desktop\isec\2º_ano\so2\tp\so2\gui\arknoid\client\debug\client.tlog\rc.write.1.tlog
